<?xml version="1.0" encoding="UTF-8"?>
<testng-results skipped="0" failed="0" total="3" passed="3">
  <reporter-output>
  </reporter-output>
  <suite name="Suite" duration-ms="149531" started-at="2019-10-23T16:03:12Z" finished-at="2019-10-23T16:05:42Z">
    <groups>
    </groups>
    <test name="Test" duration-ms="149531" started-at="2019-10-23T16:03:12Z" finished-at="2019-10-23T16:05:42Z">
      <class name="com.SaleForce.e2e.RunTest">
        <test-method status="PASS" signature="Create()[pri:0, instance:com.SaleForce.e2e.RunTest@63355449]" name="Create" is-config="true" duration-ms="515" started-at="2019-10-23T21:33:12Z" finished-at="2019-10-23T21:33:13Z">
          <reporter-output>
          </reporter-output>
        </test-method> <!-- Create -->
        <test-method status="PASS" signature="Launch(java.lang.String, java.lang.String)[pri:1, instance:com.SaleForce.e2e.RunTest@63355449]" name="Launch" duration-ms="17621" started-at="2019-10-23T21:33:13Z" finished-at="2019-10-23T21:33:30Z">
          <params>
            <param index="0">
              <value>
                <![CDATA[chrome]]>
              </value>
            </param>
            <param index="1">
              <value>
                <![CDATA[https://login.salesforce.com/]]>
              </value>
            </param>
          </params>
          <reporter-output>
          </reporter-output>
        </test-method> <!-- Launch -->
        <test-method status="PASS" signature="Login(java.lang.String, java.lang.String)[pri:2, instance:com.SaleForce.e2e.RunTest@63355449]" name="Login" duration-ms="104671" started-at="2019-10-23T21:33:30Z" finished-at="2019-10-23T21:35:15Z">
          <params>
            <param index="0">
              <value>
                <![CDATA[rpatestuser32@yopmail.com]]>
              </value>
            </param>
            <param index="1">
              <value>
                <![CDATA[Cloud_123]]>
              </value>
            </param>
          </params>
          <reporter-output>
          </reporter-output>
        </test-method> <!-- Login -->
        <test-method status="PASS" signature="Contract_Create()[pri:3, instance:com.SaleForce.e2e.RunTest@63355449]" name="Contract_Create" duration-ms="26681" started-at="2019-10-23T21:35:15Z" finished-at="2019-10-23T21:35:42Z">
          <reporter-output>
          </reporter-output>
        </test-method> <!-- Contract_Create -->
      </class> <!-- com.SaleForce.e2e.RunTest -->
    </test> <!-- Test -->
  </suite> <!-- Suite -->
</testng-results>
