<?xml version="1.0" encoding="UTF-8"?>
<!-- Generated by org.testng.reporters.JUnitXMLReporter -->
<testsuite hostname="iDeliver20-PC" name="Test" tests="3" failures="0" timestamp="23 Oct 2019 16:05:42 GMT" time="149.531" errors="0">
  <testcase name="Launch" time="17.621" classname="com.SaleForce.e2e.RunTest"/>
  <testcase name="Login" time="104.671" classname="com.SaleForce.e2e.RunTest"/>
  <testcase name="Contract_Create" time="26.681" classname="com.SaleForce.e2e.RunTest"/>
</testsuite> <!-- Test -->
